Performing C SOURCE FILE Test CMAKE_HAVE_LIBC_PTHREAD failed with the following output:
Change Dir: /home/kevin/ros_ws/catkin_ws/build/CMakeFiles/CMakeScratch/TryCompile-i7J0uF

Run Build Command(s):/usr/bin/make -f Makefile cmTC_001a2/fast && /usr/bin/make  -f CMakeFiles/cmTC_001a2.dir/build.make CMakeFiles/cmTC_001a2.dir/build
make[1]: Entering directory '/home/kevin/ros_ws/catkin_ws/build/CMakeFiles/CMakeScratch/TryCompile-i7J0uF'
Building C object CMakeFiles/cmTC_001a2.dir/src.c.o
/usr/bin/cc -DCMAKE_HAVE_LIBC_PTHREAD   -o CMakeFiles/cmTC_001a2.dir/src.c.o -c /home/kevin/ros_ws/catkin_ws/build/CMakeFiles/CMakeScratch/TryCompile-i7J0uF/src.c
Linking C executable cmTC_001a2
/usr/bin/cmake -E cmake_link_script CMakeFiles/cmTC_001a2.dir/link.txt --verbose=1
/usr/bin/cc -rdynamic CMakeFiles/cmTC_001a2.dir/src.c.o -o cmTC_001a2 
CMakeFiles/cmTC_001a2.dir/src.c.o: In function `main':
src.c:(.text+0x48): undefined reference to `pthread_create'
src.c:(.text+0x50): undefined reference to `pthread_detach'
src.c:(.text+0x58): undefined reference to `pthread_cancel'
src.c:(.text+0x64): undefined reference to `pthread_join'
src.c:(.text+0x74): undefined reference to `pthread_atfork'
collect2: error: ld returned 1 exit status
CMakeFiles/cmTC_001a2.dir/build.make:98: recipe for target 'cmTC_001a2' failed
make[1]: *** [cmTC_001a2] Error 1
make[1]: Leaving directory '/home/kevin/ros_ws/catkin_ws/build/CMakeFiles/CMakeScratch/TryCompile-i7J0uF'
Makefile:127: recipe for target 'cmTC_001a2/fast' failed
make: *** [cmTC_001a2/fast] Error 2


Source file was:
#include <pthread.h>

static void* test_func(void* data)
{
  return data;
}

int main(void)
{
  pthread_t thread;
  pthread_create(&thread, NULL, test_func, NULL);
  pthread_detach(thread);
  pthread_cancel(thread);
  pthread_join(thread, NULL);
  pthread_atfork(NULL, NULL, NULL);
  pthread_exit(NULL);

  return 0;
}


Determining if the function pthread_create exists in the pthreads failed with the following output:
Change Dir: /home/kevin/ros_ws/catkin_ws/build/CMakeFiles/CMakeScratch/TryCompile-RzTn3f

Run Build Command(s):/usr/bin/make -f Makefile cmTC_73e0b/fast && /usr/bin/make  -f CMakeFiles/cmTC_73e0b.dir/build.make CMakeFiles/cmTC_73e0b.dir/build
make[1]: Entering directory '/home/kevin/ros_ws/catkin_ws/build/CMakeFiles/CMakeScratch/TryCompile-RzTn3f'
Building C object CMakeFiles/cmTC_73e0b.dir/CheckFunctionExists.c.o
/usr/bin/cc   -DCHECK_FUNCTION_EXISTS=pthread_create -o CMakeFiles/cmTC_73e0b.dir/CheckFunctionExists.c.o -c /home/kevin/ros_ws/catkin_ws/build/CMakeFiles/CMakeScratch/TryCompile-RzTn3f/CheckFunctionExists.c
Linking C executable cmTC_73e0b
/usr/bin/cmake -E cmake_link_script CMakeFiles/cmTC_73e0b.dir/link.txt --verbose=1
/usr/bin/cc  -DCHECK_FUNCTION_EXISTS=pthread_create -rdynamic CMakeFiles/cmTC_73e0b.dir/CheckFunctionExists.c.o -o cmTC_73e0b  -lpthreads 
/usr/bin/ld: cannot find -lpthreads
collect2: error: ld returned 1 exit status
CMakeFiles/cmTC_73e0b.dir/build.make:98: recipe for target 'cmTC_73e0b' failed
make[1]: *** [cmTC_73e0b] Error 1
make[1]: Leaving directory '/home/kevin/ros_ws/catkin_ws/build/CMakeFiles/CMakeScratch/TryCompile-RzTn3f'
Makefile:127: recipe for target 'cmTC_73e0b/fast' failed
make: *** [cmTC_73e0b/fast] Error 2



